[debug] [2024-09-25T16:13:38.742Z] ----------------------------------------------------------------------
[debug] [2024-09-25T16:13:38.745Z] Command:       C:\Program Files\nodejs\node.exe C:\Users\casa\AppData\Roaming\npm\node_modules\firebase-tools\lib\bin\firebase.js init
[debug] [2024-09-25T16:13:38.745Z] CLI Version:   13.19.0
[debug] [2024-09-25T16:13:38.746Z] Platform:      win32
[debug] [2024-09-25T16:13:38.746Z] Node Version:  v20.15.0
[debug] [2024-09-25T16:13:38.746Z] Time:          Wed Sep 25 2024 13:13:38 GMT-0300 (hora de verano de Chile)
[debug] [2024-09-25T16:13:38.746Z] ----------------------------------------------------------------------
[debug] 
[debug] [2024-09-25T16:13:38.753Z] > command requires scopes: ["email","openid","https://www.googleapis.com/auth/cloudplatformprojects.readonly","https://www.googleapis.com/auth/firebase","https://www.googleapis.com/auth/cloud-platform"]
[debug] [2024-09-25T16:13:38.753Z] > authorizing via signed-in user (asaezbe@gmail.com)
[info] 
     ######## #### ########  ######## ########     ###     ######  ########
     ##        ##  ##     ## ##       ##     ##  ##   ##  ##       ##
     ######    ##  ########  ######   ########  #########  ######  ######
     ##        ##  ##    ##  ##       ##     ## ##     ##       ## ##
     ##       #### ##     ## ######## ########  ##     ##  ######  ########

You're about to initialize a Firebase project in this directory:

  C:\Users\casa\Desktop\apiRest\pruebas\desafio4

[info] 
=== Project Setup
[info] 
[info] First, let's associate this project directory with a Firebase project.
[info] You can create multiple project aliases by running firebase use --add, 
[info] but for now we'll just set up a default project.
[info] 
[debug] [2024-09-25T16:17:01.654Z] > refreshing access token with scopes: []
[debug] [2024-09-25T16:17:01.656Z] >>> [apiv2][query] POST https://www.googleapis.com/oauth2/v3/token [none]
[debug] [2024-09-25T16:17:01.656Z] >>> [apiv2][body] POST https://www.googleapis.com/oauth2/v3/token [omitted]
[debug] [2024-09-25T16:17:01.866Z] <<< [apiv2][status] POST https://www.googleapis.com/oauth2/v3/token 200
[debug] [2024-09-25T16:17:01.866Z] <<< [apiv2][body] POST https://www.googleapis.com/oauth2/v3/token [omitted]
[debug] [2024-09-25T16:17:01.877Z] >>> [apiv2][query] GET https://firebase.googleapis.com/v1beta1/projects pageSize=100
[debug] [2024-09-25T16:17:02.618Z] <<< [apiv2][status] GET https://firebase.googleapis.com/v1beta1/projects 200
[debug] [2024-09-25T16:17:02.619Z] <<< [apiv2][body] GET https://firebase.googleapis.com/v1beta1/projects [omitted]
[info] i  Using project aplicacionprueba-fdf92 (APLICACIONpRUEBA) 
[info] 
=== Hosting Setup
[debug] [2024-09-25T16:17:13.887Z] >>> [apiv2][query] GET https://firebase.googleapis.com/v1beta1/projects/aplicacionprueba-fdf92 [none]
[debug] [2024-09-25T16:17:14.247Z] <<< [apiv2][status] GET https://firebase.googleapis.com/v1beta1/projects/aplicacionprueba-fdf92 200
[debug] [2024-09-25T16:17:14.247Z] <<< [apiv2][body] GET https://firebase.googleapis.com/v1beta1/projects/aplicacionprueba-fdf92 {"projectId":"aplicacionprueba-fdf92","projectNumber":"58877853427","displayName":"APLICACIONpRUEBA","name":"projects/aplicacionprueba-fdf92","resources":{"hostingSite":"aplicacionprueba-fdf92"},"state":"ACTIVE","etag":"1_87fd5ed9-d67a-4863-a781-9cd50d731016"}
[info] 
[info] Your public directory is the folder (relative to your project directory) that
[info] will contain Hosting assets to be uploaded with firebase deploy. If you
[info] have a build process for your assets, use your build's output directory.
[info] 
[debug] [2024-09-25T16:18:06.893Z] >>> [apiv2][query] GET https://www.gstatic.com/firebasejs/releases.json [none]
[debug] [2024-09-25T16:18:07.628Z] <<< [apiv2][status] GET https://www.gstatic.com/firebasejs/releases.json 200
[debug] [2024-09-25T16:18:07.629Z] <<< [apiv2][body] GET https://www.gstatic.com/firebasejs/releases.json {"current":{"version":"10.13.2","browserURL":"https://www.gstatic.com/firebasejs/10.13.2/firebase.js","packageURL":"https://www.gstatic.com/firebasejs/10.13.2/firebase.tgz"},"live":{"version":"10.13","browserURL":"https://www.gstatic.com/firebasejs/live/10.13/firebase.js","packageURL":"https://www.gstatic.com/firebasejs/live/10.13/firebase.tgz"},"components":{"analytics":"https://www.gstatic.com/firebasejs/10.13.2/firebase-analytics.js","app":"https://www.gstatic.com/firebasejs/10.13.2/firebase-app.js","app-check":"https://www.gstatic.com/firebasejs/10.13.2/firebase-app-check.js","auth":"https://www.gstatic.com/firebasejs/10.13.2/firebase-auth.js","auth/cordova":"https://www.gstatic.com/firebasejs/10.13.2/firebase-auth/cordova.js","auth/web-extension":"https://www.gstatic.com/firebasejs/10.13.2/firebase-auth/web-extension.js","functions":"https://www.gstatic.com/firebasejs/10.13.2/firebase-functions.js","firestore":"https://www.gstatic.com/firebasejs/10.13.2/firebase-firestore.js","firestore/lite":"https://www.gstatic.com/firebasejs/10.13.2/firebase-firestore/lite.js","installations":"https://www.gstatic.com/firebasejs/10.13.2/firebase-installations.js","storage":"https://www.gstatic.com/firebasejs/10.13.2/firebase-storage.js","performance":"https://www.gstatic.com/firebasejs/10.13.2/firebase-performance.js","remote-config":"https://www.gstatic.com/firebasejs/10.13.2/firebase-remote-config.js","messaging":"https://www.gstatic.com/firebasejs/10.13.2/firebase-messaging.js","messaging/sw":"https://www.gstatic.com/firebasejs/10.13.2/firebase-messaging/sw.js","database":"https://www.gstatic.com/firebasejs/10.13.2/firebase-database.js","vertexai-preview":"https://www.gstatic.com/firebasejs/10.13.2/firebase-vertexai-preview.js","firestore.memory":"https://www.gstatic.com/firebasejs/10.13.2/firebase-firestore.memory.js"}}
[info] +  Wrote y/index.html 
[info] 
[info] i  Detected a .git folder at C:\Users\casa 
[info] i  Authorizing with GitHub to upload your service account to a GitHub repository's secrets store. 
[info] 
[info] Visit this URL on this device to log in:
[info] https://github.com/login/oauth/authorize?client_id=89cf50f02ac6aaed3484&state=109110822&redirect_uri=http%3A%2F%2Flocalhost%3A9005&scope=read%3Auser%20repo%20public_repo
[info] 
[info] Waiting for authentication...
[debug] [2024-09-25T16:18:16.939Z] >>> [apiv2][query] POST https://github.com/login/oauth/access_token [none]
[debug] [2024-09-25T16:18:16.939Z] >>> [apiv2][body] POST https://github.com/login/oauth/access_token [stream]
[debug] [2024-09-25T16:18:17.520Z] <<< [apiv2][status] POST https://github.com/login/oauth/access_token 200
[debug] [2024-09-25T16:18:17.520Z] <<< [apiv2][body] POST https://github.com/login/oauth/access_token {"access_token":"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","token_type":"bearer","scope":"read:user,repo"}
[debug] [2024-09-25T16:18:17.522Z] >>> [apiv2][query] GET https://api.github.com/user [none]
[debug] [2024-09-25T16:18:18.097Z] <<< [apiv2][status] GET https://api.github.com/user 200
[debug] [2024-09-25T16:18:18.097Z] <<< [apiv2][body] GET https://api.github.com/user {"login":"Asaezbe","id":172445882,"node_id":"U_kgDOCkdQug","avatar_url":"https://avatars.githubusercontent.com/u/172445882?v=4","gravatar_id":"","url":"https://api.github.com/users/Asaezbe","html_url":"https://github.com/Asaezbe","followers_url":"https://api.github.com/users/Asaezbe/followers","following_url":"https://api.github.com/users/Asaezbe/following{/other_user}","gists_url":"https://api.github.com/users/Asaezbe/gists{/gist_id}","starred_url":"https://api.github.com/users/Asaezbe/starred{/owner}{/repo}","subscriptions_url":"https://api.github.com/users/Asaezbe/subscriptions","organizations_url":"https://api.github.com/users/Asaezbe/orgs","repos_url":"https://api.github.com/users/Asaezbe/repos","events_url":"https://api.github.com/users/Asaezbe/events{/privacy}","received_events_url":"https://api.github.com/users/Asaezbe/received_events","type":"User","site_admin":false,"name":null,"company":null,"blog":"","location":null,"email":"asaezbe@gmail.com","hireable":null,"bio":null,"twitter_username":null,"notification_email":"asaezbe@gmail.com","public_repos":7,"public_gists":0,"followers":1,"following":1,"created_at":"2024-06-11T22:03:07Z","updated_at":"2024-08-08T15:02:07Z","private_gists":0,"total_private_repos":0,"owned_private_repos":0,"disk_usage":37030,"collaborators":0,"two_factor_authentication":false,"plan":{"name":"free","space":976562499,"collaborators":0,"private_repos":10000}}
[info] 
[info] +  Success! Logged into GitHub as Asaezbe 
[info] 
[debug] [2024-09-25T16:19:19.533Z] >>> [apiv2][query] GET https://api.github.com/repos/y/actions/secrets/public-key type=owner
[debug] [2024-09-25T16:19:21.118Z] <<< [apiv2][status] GET https://api.github.com/repos/y/actions/secrets/public-key 404
[debug] [2024-09-25T16:19:21.119Z] <<< [apiv2][body] GET https://api.github.com/repos/y/actions/secrets/public-key {"message":"Not Found","documentation_url":"https://docs.github.com/rest","status":"404"}
[info] 
[info] 
[error] !  The provided authorization cannot be used with this repository. If this repository is in an organization, did you remember to grant access? 
[info] 
[info] i  Action required: Visit this URL to ensure access has been granted to the appropriate organization(s) for the Firebase CLI GitHub OAuth App: 
[info] https://github.com/settings/connections/applications/89cf50f02ac6aaed3484
[info] 
[debug] [2024-09-25T16:19:27.212Z] >>> [apiv2][query] GET https://api.github.com/repos//actions/secrets/public-key type=owner
[debug] [2024-09-25T16:19:27.784Z] <<< [apiv2][status] GET https://api.github.com/repos//actions/secrets/public-key 404
[debug] [2024-09-25T16:19:27.784Z] <<< [apiv2][body] GET https://api.github.com/repos//actions/secrets/public-key {"message":"Not Found","documentation_url":"https://docs.github.com/rest","status":"404"}
[info] 
[info] 
[error] !  The provided authorization cannot be used with this repository. If this repository is in an organization, did you remember to grant access? 
[info] 
[info] i  Action required: Visit this URL to ensure access has been granted to the appropriate organization(s) for the Firebase CLI GitHub OAuth App: 
[info] https://github.com/settings/connections/applications/89cf50f02ac6aaed3484
[info] 
[debug] [2024-09-25T16:22:07.428Z] >>> [apiv2][query] GET https://api.github.com/repos//actions/secrets/public-key type=owner
[debug] [2024-09-25T16:22:07.564Z] >>> [apiv2][query] GET https://api.github.com/repos//actions/secrets/public-key type=owner
[debug] [2024-09-25T16:22:07.691Z] >>> [apiv2][query] GET https://api.github.com/repos//actions/secrets/public-key type=owner
[debug] [2024-09-25T16:22:07.978Z] <<< [apiv2][status] GET https://api.github.com/repos//actions/secrets/public-key 404
[debug] [2024-09-25T16:22:07.979Z] <<< [apiv2][body] GET https://api.github.com/repos//actions/secrets/public-key {"message":"Not Found","documentation_url":"https://docs.github.com/rest","status":"404"}
[info] 
[info] 
[error] !  The provided authorization cannot be used with this repository. If this repository is in an organization, did you remember to grant access? 
[info] 
[info] i  Action required: Visit this URL to ensure access has been granted to the appropriate organization(s) for the Firebase CLI GitHub OAuth App: 
[info] https://github.com/settings/connections/applications/89cf50f02ac6aaed3484
[info] 
[debug] [2024-09-25T16:22:08.044Z] >>> [apiv2][query] GET https://api.github.com/repos//actions/secrets/public-key type=owner
[debug] [2024-09-25T16:22:08.067Z] <<< [apiv2][status] GET https://api.github.com/repos//actions/secrets/public-key 404
[debug] [2024-09-25T16:22:08.068Z] <<< [apiv2][body] GET https://api.github.com/repos//actions/secrets/public-key {"message":"Not Found","documentation_url":"https://docs.github.com/rest","status":"404"}
[info] 
[info] 
[error] !  The provided authorization cannot be used with this repository. If this repository is in an organization, did you remember to grant access? 
[info] 
[info] i  Action required: Visit this URL to ensure access has been granted to the appropriate organization(s) for the Firebase CLI GitHub OAuth App: 
[info] https://github.com/settings/connections/applications/89cf50f02ac6aaed3484
[info] 
[debug] [2024-09-25T16:22:08.237Z] >>> [apiv2][query] GET https://api.github.com/repos//actions/secrets/public-key type=owner
[debug] [2024-09-25T16:22:08.239Z] <<< [apiv2][status] GET https://api.github.com/repos//actions/secrets/public-key 404
[debug] [2024-09-25T16:22:08.239Z] <<< [apiv2][body] GET https://api.github.com/repos//actions/secrets/public-key {"message":"Not Found","documentation_url":"https://docs.github.com/rest","status":"404"}
[info] 
[info] 
[error] !  The provided authorization cannot be used with this repository. If this repository is in an organization, did you remember to grant access? 
[info] 
[info] i  Action required: Visit this URL to ensure access has been granted to the appropriate organization(s) for the Firebase CLI GitHub OAuth App: 
[info] https://github.com/settings/connections/applications/89cf50f02ac6aaed3484
[info] 
[debug] [2024-09-25T16:22:08.428Z] <<< [apiv2][status] GET https://api.github.com/repos//actions/secrets/public-key 404
[debug] [2024-09-25T16:22:08.428Z] <<< [apiv2][body] GET https://api.github.com/repos//actions/secrets/public-key {"message":"Not Found","documentation_url":"https://docs.github.com/rest","status":"404"}
[info] 
[info] 
[error] !  The provided authorization cannot be used with this repository. If this repository is in an organization, did you remember to grant access? 
[info] 
[info] i  Action required: Visit this URL to ensure access has been granted to the appropriate organization(s) for the Firebase CLI GitHub OAuth App: 
[info] https://github.com/settings/connections/applications/89cf50f02ac6aaed3484
[info] 
[debug] [2024-09-25T16:22:08.550Z] <<< [apiv2][status] GET https://api.github.com/repos//actions/secrets/public-key 404
[debug] [2024-09-25T16:22:08.550Z] <<< [apiv2][body] GET https://api.github.com/repos//actions/secrets/public-key {"message":"Not Found","documentation_url":"https://docs.github.com/rest","status":"404"}
[info] 
[info] 
[error] !  The provided authorization cannot be used with this repository. If this repository is in an organization, did you remember to grant access? 
[info] 
[info] i  Action required: Visit this URL to ensure access has been granted to the appropriate organization(s) for the Firebase CLI GitHub OAuth App: 
[info] https://github.com/settings/connections/applications/89cf50f02ac6aaed3484
[info] 
